[handleMsg]:  {
  key: {
    remoteJid: '573113787978@s.whatsapp.net',
    fromMe: false,
    id: 'AD036629A63CBA38846B1A93D44CA7B7',
    participant: undefined
  },
  messageTimestamp: 1740540586,
  pushName: 'Joanpa',
  broadcast: false,
  message: Message {
    extendedTextMessage: ExtendedTextMessage {
      text: 'Hola',
      previewType: 0,
      contextInfo: [ContextInfo],
      inviteLinkGroupTypeV2: 0
    },
    messageContextInfo: MessageContextInfo {
      deviceListMetadata: [DeviceListMetadata],
      deviceListMetadataVersion: 2,
      messageSecret: [Uint8Array]
    }
  },
  body: 'Hola',
  from: '573113787978'
}
[handleMsg]:  {
  key: {
    remoteJid: '573113787978@s.whatsapp.net',
    fromMe: false,
    id: '3521C8DA242207F8B76E0C0392C16421',
    participant: undefined
  },
  messageTimestamp: 1740548098,
  pushName: 'Joanpa',
  broadcast: false,
  message: Message {
    extendedTextMessage: ExtendedTextMessage {
      text: 'Hola',
      previewType: 0,
      contextInfo: [ContextInfo],
      inviteLinkGroupTypeV2: 0
    },
    messageContextInfo: MessageContextInfo {
      deviceListMetadata: [DeviceListMetadata],
      deviceListMetadataVersion: 2,
      messageSecret: [Uint8Array]
    }
  },
  body: 'Hola',
  from: '573113787978'
}
